<?xml version="1.0" encoding="UTF-8"?>
<testsuite xmlns:xsi="http://www.w3.org/2001/XMLSchema-instance" xsi:noNamespaceSchemaLocation="https://maven.apache.org/surefire/maven-surefire-plugin/xsd/surefire-test-report.xsd" name="com.mybank.dao.insurance.InsuranceDaoApplicationTests" time="7.384" tests="4" errors="0" skipped="0" failures="3">
  <properties>
[...]
</properties>
  <testcase name="callAllInsuranceAvailable_NoDataFound" classname="com.mybank.dao.insurance.InsuranceDaoApplicationTests" time="0.184">
    <failure message="Unexpected exception type thrown ==&gt; expected: &lt;com.mybank.dao.insurance.exceptions.InsuranceAvailableException&gt; but was: &lt;com.mybank.dao.insurance.exceptions.NoDataFoundException&gt;" type="org.opentest4j.AssertionFailedError"><![CDATA[org.opentest4j.AssertionFailedError: Unexpected exception type thrown ==> expected: <com.mybank.dao.insurance.exceptions.InsuranceAvailableException> but was: <com.mybank.dao.insurance.exceptions.NoDataFoundException>
	at com.mybank.dao.insurance.InsuranceDaoApplicationTests.callAllInsuranceAvailable_NoDataFound(InsuranceDaoApplicationTests.java:88)
Caused by: com.mybank.dao.insurance.exceptions.NoDataFoundException: Requested data not found
	at com.mybank.dao.insurance.InsuranceDaoApplicationTests.lambda$callAllInsuranceAvailable_NoDataFound$0(InsuranceDaoApplicationTests.java:88)
	at com.mybank.dao.insurance.InsuranceDaoApplicationTests.callAllInsuranceAvailable_NoDataFound(InsuranceDaoApplicationTests.java:88)
]]></failure>
    <system-out><![CDATA[19:32:14.871 [main] DEBUG org.springframework.test.context.BootstrapUtils - Instantiating CacheAwareContextLoaderDelegate from class [org.springframework.test.context.cache.DefaultCacheAwareContextLoaderDelegate]
19:32:14.902 [main] DEBUG org.springframework.test.context.BootstrapUtils - Instantiating BootstrapContext using constructor [public org.springframework.test.context.support.DefaultBootstrapContext(java.lang.Class,org.springframework.test.context.CacheAwareContextLoaderDelegate)]
19:32:14.984 [main] DEBUG org.springframework.test.context.BootstrapUtils - Instantiating TestContextBootstrapper for test class [com.mybank.dao.insurance.InsuranceDaoApplicationTests] from class [org.springframework.boot.test.context.SpringBootTestContextBootstrapper]
19:32:15.045 [main] INFO org.springframework.boot.test.context.SpringBootTestContextBootstrapper - Neither @ContextConfiguration nor @ContextHierarchy found for test class [com.mybank.dao.insurance.InsuranceDaoApplicationTests], using SpringBootContextLoader
19:32:15.063 [main] DEBUG org.springframework.test.context.support.AbstractContextLoader - Did not detect default resource location for test class [com.mybank.dao.insurance.InsuranceDaoApplicationTests]: class path resource [com/mybank/dao/insurance/InsuranceDaoApplicationTests-context.xml] does not exist
19:32:15.063 [main] DEBUG org.springframework.test.context.support.AbstractContextLoader - Did not detect default resource location for test class [com.mybank.dao.insurance.InsuranceDaoApplicationTests]: class path resource [com/mybank/dao/insurance/InsuranceDaoApplicationTestsContext.groovy] does not exist
19:32:15.063 [main] INFO org.springframework.test.context.support.AbstractContextLoader - Could not detect default resource locations for test class [com.mybank.dao.insurance.InsuranceDaoApplicationTests]: no resource found for suffixes {-context.xml, Context.groovy}.
19:32:15.063 [main] INFO org.springframework.test.context.support.AnnotationConfigContextLoaderUtils - Could not detect default configuration classes for test class [com.mybank.dao.insurance.InsuranceDaoApplicationTests]: InsuranceDaoApplicationTests does not declare any static, non-private, non-final, nested classes annotated with @Configuration.
19:32:15.139 [main] DEBUG org.springframework.test.context.support.ActiveProfilesUtils - Could not find an 'annotation declaring class' for annotation type [org.springframework.test.context.ActiveProfiles] and class [com.mybank.dao.insurance.InsuranceDaoApplicationTests]
19:32:15.234 [main] DEBUG org.springframework.context.annotation.ClassPathScanningCandidateComponentProvider - Identified candidate component class: file [C:\DLTE-JavaFullStack-Divija-2024\DLTE-FinalProject\InsuranceDao\target\classes\com\mybank\dao\insurance\InsuranceDaoApplication.class]
19:32:15.234 [main] INFO org.springframework.boot.test.context.SpringBootTestContextBootstrapper - Found @SpringBootConfiguration com.mybank.dao.insurance.InsuranceDaoApplication for test class com.mybank.dao.insurance.InsuranceDaoApplicationTests
19:32:15.409 [main] DEBUG org.springframework.boot.test.context.SpringBootTestContextBootstrapper - @TestExecutionListeners is not present for class [com.mybank.dao.insurance.InsuranceDaoApplicationTests]: using defaults.
19:32:15.420 [main] INFO org.springframework.boot.test.context.SpringBootTestContextBootstrapper - Loaded default TestExecutionListener class names from location [META-INF/spring.factories]: [org.springframework.boot.test.mock.mockito.MockitoTestExecutionListener, org.springframework.boot.test.mock.mockito.ResetMocksTestExecutionListener, org.springframework.boot.test.autoconfigure.restdocs.RestDocsTestExecutionListener, org.springframework.boot.test.autoconfigure.web.client.MockRestServiceServerResetTestExecutionListener, org.springframework.boot.test.autoconfigure.web.servlet.MockMvcPrintOnlyOnFailureTestExecutionListener, org.springframework.boot.test.autoconfigure.web.servlet.WebDriverTestExecutionListener, org.springframework.boot.test.autoconfigure.webservices.client.MockWebServiceServerTestExecutionListener, org.springframework.test.context.web.ServletTestExecutionListener, org.springframework.test.context.support.DirtiesContextBeforeModesTestExecutionListener, org.springframework.test.context.event.ApplicationEventsTestExecutionListener, org.springframework.test.context.support.DependencyInjectionTestExecutionListener, org.springframework.test.context.support.DirtiesContextTestExecutionListener, org.springframework.test.context.transaction.TransactionalTestExecutionListener, org.springframework.test.context.jdbc.SqlScriptsTestExecutionListener, org.springframework.test.context.event.EventPublishingTestExecutionListener]
19:32:15.462 [main] INFO org.springframework.boot.test.context.SpringBootTestContextBootstrapper - Using TestExecutionListeners: [org.springframework.test.context.web.ServletTestExecutionListener@6f10d5b6, org.springframework.test.context.support.DirtiesContextBeforeModesTestExecutionListener@1040be71, org.springframework.test.context.event.ApplicationEventsTestExecutionListener@548a24a, org.springframework.boot.test.mock.mockito.MockitoTestExecutionListener@433defed, org.springframework.boot.test.autoconfigure.SpringBootDependencyInjectionTestExecutionListener@2a693f59, org.springframework.test.context.support.DirtiesContextTestExecutionListener@3f4faf53, org.springframework.test.context.transaction.TransactionalTestExecutionListener@7fd50002, org.springframework.test.context.jdbc.SqlScriptsTestExecutionListener@533bda92, org.springframework.test.context.event.EventPublishingTestExecutionListener@304bb45b, org.springframework.boot.test.mock.mockito.ResetMocksTestExecutionListener@723ca036, org.springframework.boot.test.autoconfigure.restdocs.RestDocsTestExecutionListener@25be7b63, org.springframework.boot.test.autoconfigure.web.client.MockRestServiceServerResetTestExecutionListener@28dcca0c, org.springframework.boot.test.autoconfigure.web.servlet.MockMvcPrintOnlyOnFailureTestExecutionListener@45d84a20, org.springframework.boot.test.autoconfigure.web.servlet.WebDriverTestExecutionListener@52f27fbd, org.springframework.boot.test.autoconfigure.webservices.client.MockWebServiceServerTestExecutionListener@4c163e3]
19:32:15.470 [main] DEBUG org.springframework.test.context.support.AbstractDirtiesContextTestExecutionListener - Before test class: context [DefaultTestContext@7d900ecf testClass = InsuranceDaoApplicationTests, testInstance = [null], testMethod = [null], testException = [null], mergedContextConfiguration = [WebMergedContextConfiguration@6f01b95f testClass = InsuranceDaoApplicationTests, locations = '{}', classes = '{class com.mybank.dao.insurance.InsuranceDaoApplication}', contextInitializerClasses = '[]', activeProfiles = '{}', propertySourceLocations = '{}', propertySourceProperties = '{org.springframework.boot.test.context.SpringBootTestContextBootstrapper=true}', contextCustomizers = set[org.springframework.boot.test.context.filter.ExcludeFilterContextCustomizer@8f4ea7c, org.springframework.boot.test.json.DuplicateJsonObjectContextCustomizerFactory$DuplicateJsonObjectContextCustomizer@131774fe, org.springframework.boot.test.mock.mockito.MockitoContextCustomizer@0, org.springframework.boot.test.web.client.TestRestTemplateContextCustomizer@7d8995e, org.springframework.boot.test.autoconfigure.actuate.metrics.MetricsExportContextCustomizerFactory$DisableMetricExportContextCustomizer@f6efaab, org.springframework.boot.test.autoconfigure.properties.PropertyMappingContextCustomizer@0, org.springframework.boot.test.autoconfigure.web.servlet.WebDriverContextCustomizerFactory$Customizer@368f2016, org.springframework.boot.test.context.SpringBootTestArgs@1, org.springframework.boot.test.context.SpringBootTestWebEnvironment@4b9e13df], resourceBasePath = 'src/main/webapp', contextLoader = 'org.springframework.boot.test.context.SpringBootContextLoader', parent = [null]], attributes = map['org.springframework.test.context.web.ServletTestExecutionListener.activateListener' -> true]], class annotated with @DirtiesContext [false] with mode [null].

  .   ____          _            __ _ _
 /\\ / ___'_ __ _ _(_)_ __  __ _ \ \ \ \
( ( )\___ | '_ | '_| | '_ \/ _` | \ \ \ \
 \\/  ___)| |_)| | | | | || (_| |  ) ) ) )
  '  |____| .__|_| |_|_| |_\__, | / / / /
 =========|_|==============|___/=/_/_/_/
&amp#27;[32m :: Spring Boot :: &amp#27;[39m             &amp#27;[2m (v2.7.10)&amp#27;[0;39m

&amp#27;[34m[INFO]&amp#27;[0;39m &amp#27;[31m2024-04-14 19:32:17,906&amp#27;[0;39m com.mybank.dao.insurance.InsuranceDaoApplicationTests &amp#27;[33mmain&amp#27;[0;39m &amp#27;[32mStarting InsuranceDaoApplicationTests using Java 1.8.0_292 on WPF45DYX2 with PID 17224 (started by xxnlnnnd in C:\DLTE-JavaFullStack-Divija-2024\DLTE-FinalProject\InsuranceDao)
&amp#27;[0;39m&amp#27;[34m[INFO]&amp#27;[0;39m &amp#27;[31m2024-04-14 19:32:17,906&amp#27;[0;39m com.mybank.dao.insurance.InsuranceDaoApplicationTests &amp#27;[33mmain&amp#27;[0;39m &amp#27;[32mNo active profile set, falling back to 1 default profile: "default"
&amp#27;[0;39m&amp#27;[34m[INFO]&amp#27;[0;39m &amp#27;[31m2024-04-14 19:32:19,498&amp#27;[0;39m org.springframework.context.support.PostProcessorRegistrationDelegate$BeanPostProcessorChecker &amp#27;[33mmain&amp#27;[0;39m &amp#27;[32mBean 'org.springframework.ws.config.annotation.DelegatingWsConfiguration' of type [org.springframework.ws.config.annotation.DelegatingWsConfiguration$$EnhancerBySpringCGLIB$$ba20e417] is not eligible for getting processed by all BeanPostProcessors (for example: not eligible for auto-proxying)
&amp#27;[0;39m&amp#27;[34m[INFO]&amp#27;[0;39m &amp#27;[31m2024-04-14 19:32:19,592&amp#27;[0;39m org.springframework.ws.soap.addressing.server.AnnotationActionEndpointMapping &amp#27;[33mmain&amp#27;[0;39m &amp#27;[32mSupporting [WS-Addressing August 2004, WS-Addressing 1.0]
&amp#27;[0;39m&amp#27;[34m[INFO]&amp#27;[0;39m &amp#27;[31m2024-04-14 19:32:21,377&amp#27;[0;39m com.mybank.dao.insurance.InsuranceDaoApplicationTests &amp#27;[33mmain&amp#27;[0;39m &amp#27;[32mStarted InsuranceDaoApplicationTests in 4.112 seconds (JVM running for 7.189)
&amp#27;[0;39m&amp#27;[34m[WARN]&amp#27;[0;39m &amp#27;[31m2024-04-14 19:32:21,981&amp#27;[0;39m com.mybank.dao.insurance.remotes.InsuranceRepository &amp#27;[33mmain&amp#27;[0;39m &amp#27;[32mRequested data not found
&amp#27;[0;39m]]></system-out>
  </testcase>
  <testcase name="testAllAvailableInsurance" classname="com.mybank.dao.insurance.InsuranceDaoApplicationTests" time="0.016">
    <failure message="expected: &lt;jeevan&gt; but was: &lt;sathi&gt;" type="org.opentest4j.AssertionFailedError"><![CDATA[org.opentest4j.AssertionFailedError: expected: <jeevan> but was: <sathi>
	at com.mybank.dao.insurance.InsuranceDaoApplicationTests.testAllAvailableInsurance(InsuranceDaoApplicationTests.java:63)
]]></failure>
  </testcase>
  <testcase name="testFindByInsuranceCoverage" classname="com.mybank.dao.insurance.InsuranceDaoApplicationTests" time="0.054"/>
  <testcase name="testAllAvailableInsuranceFail" classname="com.mybank.dao.insurance.InsuranceDaoApplicationTests" time="0.004">
    <failure message="expected: &lt;home&gt; but was: &lt;life&gt;" type="org.opentest4j.AssertionFailedError"><![CDATA[org.opentest4j.AssertionFailedError: expected: <home> but was: <life>
	at com.mybank.dao.insurance.InsuranceDaoApplicationTests.testAllAvailableInsuranceFail(InsuranceDaoApplicationTests.java:78)
]]></failure>
  </testcase>
</testsuite>